<?xml version="1.0" encoding="UTF-8"?>
<!-- Generated by org.testng.reporters.JUnitXMLReporter -->
<testsuite hostname="WIN7-KQFJQ527" ignored="0" name="test2" tests="1" failures="0" timestamp="13 二月 2019 09:53:19 GMT" time="0.119" errors="0">
  <testcase name="@BeforeTest setWebdriver" time="0.0" classname="seleniumTest.test.TestCase2">
    <failure type="org.testng.TestNGException" message="
Parameter &amp;apos;url&amp;apos; is required by BeforeTest on method setWebdriver but has not been marked @Optional or defined
in D:\test\autotest\test\testNG.xml">
      <![CDATA[org.testng.TestNGException: 
Parameter 'url' is required by BeforeTest on method setWebdriver but has not been marked @Optional or defined
in D:\test\autotest\test\testNG.xml
	at java.util.concurrent.FutureTask.run(FutureTask.java:266)
	at java.util.concurrent.ThreadPoolExecutor.runWorker(ThreadPoolExecutor.java:1149)
	at java.util.concurrent.ThreadPoolExecutor$Worker.run(ThreadPoolExecutor.java:624)
	at java.lang.Thread.run(Thread.java:748)
... Removed 11 stack frames]]>
    </failure>
  </testcase> <!-- @BeforeTest setWebdriver -->
  <testcase name="@AfterClass closeWebdriver" time="0.0" classname="seleniumTest.test.TestCase2">
    <skipped/>
  </testcase> <!-- @AfterClass closeWebdriver -->
  <testcase name="runWebdriver" time="0.0" classname="seleniumTest.test.TestCase2">
    <skipped/>
  </testcase> <!-- runWebdriver -->
</testsuite> <!-- test2 -->
