<?xml version="1.0" encoding="UTF-8"?>
<testng-results skipped="1" failed="0" ignored="0" total="2" passed="1">
  <reporter-output>
  </reporter-output>
  <suite name="testcase" duration-ms="13176" started-at="2019-02-13T09:53:19Z" finished-at="2019-02-13T09:53:32Z">
    <groups>
    </groups>
    <test name="test2" duration-ms="119" started-at="2019-02-13T09:53:19Z" finished-at="2019-02-13T09:53:19Z">
      <class name="seleniumTest.test.TestCase2">
        <test-method status="FAIL" signature="setWebdriver(java.lang.String, java.lang.String)[pri:0, instance:seleniumTest.test.TestCase2@4883b407]" name="setWebdriver" is-config="true" duration-ms="0" started-at="2019-02-13T17:53:19Z" finished-at="2019-02-13T17:53:19Z">
          <exception class="org.testng.TestNGException">
            <message>
              <![CDATA[
Parameter 'url' is required by BeforeTest on method setWebdriver but has not been marked @Optional or defined
in D:\test\autotest\test\testNG.xml]]>
            </message>
            <full-stacktrace>
              <![CDATA[org.testng.TestNGException: 
Parameter 'url' is required by BeforeTest on method setWebdriver but has not been marked @Optional or defined
in D:\test\autotest\test\testNG.xml
	at org.testng.internal.Parameters.createParameters(Parameters.java:199)
	at org.testng.internal.Parameters.createParameters(Parameters.java:443)
	at org.testng.internal.Parameters.createConfigurationParameters(Parameters.java:118)
	at org.testng.internal.Invoker.invokeConfigurations(Invoker.java:206)
	at org.testng.internal.Invoker.invokeConfigurations(Invoker.java:146)
	at org.testng.TestRunner.beforeRun(TestRunner.java:626)
	at org.testng.TestRunner.run(TestRunner.java:594)
	at org.testng.SuiteRunner.runTest(SuiteRunner.java:380)
	at org.testng.SuiteRunner.access$000(SuiteRunner.java:39)
	at org.testng.SuiteRunner$SuiteWorker.run(SuiteRunner.java:414)
	at org.testng.internal.thread.ThreadUtil$1.call(ThreadUtil.java:52)
	at java.util.concurrent.FutureTask.run(FutureTask.java:266)
	at java.util.concurrent.ThreadPoolExecutor.runWorker(ThreadPoolExecutor.java:1149)
	at java.util.concurrent.ThreadPoolExecutor$Worker.run(ThreadPoolExecutor.java:624)
	at java.lang.Thread.run(Thread.java:748)
]]>
            </full-stacktrace>
          </exception> <!-- org.testng.TestNGException -->
          <reporter-output>
          </reporter-output>
        </test-method> <!-- setWebdriver -->
        <test-method status="SKIP" signature="runWebdriver()[pri:0, instance:seleniumTest.test.TestCase2@4883b407]" name="runWebdriver" duration-ms="0" started-at="2019-02-13T17:53:19Z" finished-at="2019-02-13T17:53:19Z">
          <exception class="org.testng.TestNGException">
            <message>
              <![CDATA[
Parameter 'url' is required by BeforeTest on method setWebdriver but has not been marked @Optional or defined
in D:\test\autotest\test\testNG.xml]]>
            </message>
            <full-stacktrace>
              <![CDATA[org.testng.TestNGException: 
Parameter 'url' is required by BeforeTest on method setWebdriver but has not been marked @Optional or defined
in D:\test\autotest\test\testNG.xml
	at org.testng.internal.Parameters.createParameters(Parameters.java:199)
	at org.testng.internal.Parameters.createParameters(Parameters.java:443)
	at org.testng.internal.Parameters.createConfigurationParameters(Parameters.java:118)
	at org.testng.internal.Invoker.invokeConfigurations(Invoker.java:206)
	at org.testng.internal.Invoker.invokeConfigurations(Invoker.java:146)
	at org.testng.TestRunner.beforeRun(TestRunner.java:626)
	at org.testng.TestRunner.run(TestRunner.java:594)
	at org.testng.SuiteRunner.runTest(SuiteRunner.java:380)
	at org.testng.SuiteRunner.access$000(SuiteRunner.java:39)
	at org.testng.SuiteRunner$SuiteWorker.run(SuiteRunner.java:414)
	at org.testng.internal.thread.ThreadUtil$1.call(ThreadUtil.java:52)
	at java.util.concurrent.FutureTask.run(FutureTask.java:266)
	at java.util.concurrent.ThreadPoolExecutor.runWorker(ThreadPoolExecutor.java:1149)
	at java.util.concurrent.ThreadPoolExecutor$Worker.run(ThreadPoolExecutor.java:624)
	at java.lang.Thread.run(Thread.java:748)
]]>
            </full-stacktrace>
          </exception> <!-- org.testng.TestNGException -->
          <reporter-output>
          </reporter-output>
        </test-method> <!-- runWebdriver -->
        <test-method status="SKIP" signature="closeWebdriver()[pri:0, instance:seleniumTest.test.TestCase2@4883b407]" name="closeWebdriver" is-config="true" duration-ms="0" started-at="2019-02-13T17:53:19Z" finished-at="2019-02-13T17:53:19Z">
          <reporter-output>
          </reporter-output>
        </test-method> <!-- closeWebdriver -->
      </class> <!-- seleniumTest.test.TestCase2 -->
    </test> <!-- test2 -->
    <test name="test1" duration-ms="13176" started-at="2019-02-13T09:53:19Z" finished-at="2019-02-13T09:53:32Z">
      <class name="seleniumTest.test.TestCase">
        <test-method status="PASS" signature="setWebdriver(java.lang.String, java.lang.String)[pri:0, instance:seleniumTest.test.TestCase@59fa1d9b]" name="setWebdriver" is-config="true" duration-ms="6872" started-at="2019-02-13T17:53:19Z" finished-at="2019-02-13T17:53:26Z">
          <params>
            <param index="0">
              <value>
                <![CDATA[https://www.baidu.com]]>
              </value>
            </param>
            <param index="1">
              <value>
                <![CDATA[chrome]]>
              </value>
            </param>
          </params>
          <reporter-output>
          </reporter-output>
        </test-method> <!-- setWebdriver -->
        <test-method status="PASS" signature="runWebdriver()[pri:0, instance:seleniumTest.test.TestCase@59fa1d9b]" name="runWebdriver" duration-ms="637" started-at="2019-02-13T17:53:26Z" finished-at="2019-02-13T17:53:27Z">
          <reporter-output>
          </reporter-output>
        </test-method> <!-- runWebdriver -->
        <test-method status="PASS" signature="closeWebdriver()[pri:0, instance:seleniumTest.test.TestCase@59fa1d9b]" name="closeWebdriver" is-config="true" duration-ms="5660" started-at="2019-02-13T17:53:27Z" finished-at="2019-02-13T17:53:32Z">
          <reporter-output>
          </reporter-output>
        </test-method> <!-- closeWebdriver -->
      </class> <!-- seleniumTest.test.TestCase -->
    </test> <!-- test1 -->
  </suite> <!-- testcase -->
</testng-results>
